<?xml version="1.0" encoding="UTF-8"?>
<testng-results ignored="0" total="3" passed="3" failed="0" skipped="0">
  <reporter-output>
  </reporter-output>
  <suite started-at="2022-12-13T20:32:54 IST" name="Default suite" finished-at="2022-12-13T20:33:04 IST" duration-ms="10090">
    <groups>
    </groups>
    <test started-at="2022-12-13T20:32:54 IST" name="Default test" finished-at="2022-12-13T20:33:04 IST" duration-ms="10090">
      <class name="Modules.Library">
        <test-method is-config="true" signature="beforeSuite()[pri:0, instance:Modules.Library@76508ed1]" started-at="2022-12-13T20:32:54 IST" name="beforeSuite" finished-at="2022-12-13T20:32:54 IST" duration-ms="23" status="PASS">
          <reporter-output>
          </reporter-output>
        </test-method> <!-- beforeSuite -->
        <test-method is-config="true" signature="beforeTest()[pri:0, instance:Modules.Library@76508ed1]" started-at="2022-12-13T20:32:54 IST" name="beforeTest" finished-at="2022-12-13T20:32:57 IST" duration-ms="3421" status="PASS">
          <reporter-output>
          </reporter-output>
        </test-method> <!-- beforeTest -->
        <test-method is-config="true" signature="beforeClass()[pri:0, instance:Modules.Library@76508ed1]" started-at="2022-12-13T20:32:57 IST" name="beforeClass" finished-at="2022-12-13T20:32:57 IST" duration-ms="0" status="PASS">
          <reporter-output>
          </reporter-output>
        </test-method> <!-- beforeClass -->
        <test-method is-config="true" signature="beforeMethod()[pri:0, instance:Modules.Library@76508ed1]" started-at="2022-12-13T20:32:57 IST" name="beforeMethod" finished-at="2022-12-13T20:32:57 IST" duration-ms="1" status="PASS">
          <reporter-output>
          </reporter-output>
        </test-method> <!-- beforeMethod -->
        <test-method signature="Test1()[pri:0, instance:Modules.Library@76508ed1]" started-at="2022-12-13T20:32:57 IST" name="Test1" finished-at="2022-12-13T20:33:04 IST" duration-ms="6526" status="PASS">
          <reporter-output>
          </reporter-output>
        </test-method> <!-- Test1 -->
        <test-method is-config="true" signature="afterMethod()[pri:0, instance:Modules.Library@76508ed1]" started-at="2022-12-13T20:33:04 IST" name="afterMethod" finished-at="2022-12-13T20:33:04 IST" duration-ms="0" status="PASS">
          <reporter-output>
          </reporter-output>
        </test-method> <!-- afterMethod -->
        <test-method is-config="true" signature="beforeMethod()[pri:0, instance:Modules.Library@76508ed1]" started-at="2022-12-13T20:33:04 IST" name="beforeMethod" finished-at="2022-12-13T20:33:04 IST" duration-ms="1" status="PASS">
          <reporter-output>
          </reporter-output>
        </test-method> <!-- beforeMethod -->
        <test-method signature="f(java.lang.Integer,java.lang.String)[pri:0, instance:Modules.Library@76508ed1]" started-at="2022-12-13T20:33:04 IST" name="f" data-provider="dp" finished-at="2022-12-13T20:33:04 IST" duration-ms="13" status="PASS">
          <params>
            <param index="0">
              <value>
                <![CDATA[1]]>
              </value>
            </param>
            <param index="1">
              <value>
                <![CDATA[a]]>
              </value>
            </param>
          </params>
          <reporter-output>
          </reporter-output>
        </test-method> <!-- f -->
        <test-method is-config="true" signature="beforeMethod()[pri:0, instance:Modules.Library@76508ed1]" started-at="2022-12-13T20:33:04 IST" name="beforeMethod" finished-at="2022-12-13T20:33:04 IST" duration-ms="0" status="PASS">
          <reporter-output>
          </reporter-output>
        </test-method> <!-- beforeMethod -->
        <test-method signature="f(java.lang.Integer,java.lang.String)[pri:0, instance:Modules.Library@76508ed1]" started-at="2022-12-13T20:33:04 IST" name="f" data-provider="dp" finished-at="2022-12-13T20:33:04 IST" duration-ms="4" status="PASS">
          <params>
            <param index="0">
              <value>
                <![CDATA[2]]>
              </value>
            </param>
            <param index="1">
              <value>
                <![CDATA[b]]>
              </value>
            </param>
          </params>
          <reporter-output>
          </reporter-output>
        </test-method> <!-- f -->
        <test-method is-config="true" signature="afterMethod()[pri:0, instance:Modules.Library@76508ed1]" started-at="2022-12-13T20:33:04 IST" name="afterMethod" finished-at="2022-12-13T20:33:04 IST" duration-ms="0" status="PASS">
          <reporter-output>
          </reporter-output>
        </test-method> <!-- afterMethod -->
        <test-method is-config="true" signature="afterMethod()[pri:0, instance:Modules.Library@76508ed1]" started-at="2022-12-13T20:33:04 IST" name="afterMethod" finished-at="2022-12-13T20:33:04 IST" duration-ms="0" status="PASS">
          <reporter-output>
          </reporter-output>
        </test-method> <!-- afterMethod -->
        <test-method is-config="true" signature="afterClass()[pri:0, instance:Modules.Library@76508ed1]" started-at="2022-12-13T20:33:04 IST" name="afterClass" finished-at="2022-12-13T20:33:04 IST" duration-ms="1" status="PASS">
          <reporter-output>
          </reporter-output>
        </test-method> <!-- afterClass -->
        <test-method is-config="true" signature="afterSuite()[pri:0, instance:Modules.Library@76508ed1]" started-at="2022-12-13T20:33:05 IST" name="afterSuite" finished-at="2022-12-13T20:33:05 IST" duration-ms="0" status="PASS">
          <reporter-output>
          </reporter-output>
        </test-method> <!-- afterSuite -->
      </class> <!-- Modules.Library -->
    </test> <!-- Default test -->
  </suite> <!-- Default suite -->
</testng-results>
